<?xml version='1.0' encoding='UTF-8'?>
<testsuite hostname="LAPTOP-E3DJ2N52" name="scalashop.ConvolutionSuite" tests="23" errors="0" failures="1" skipped="0" time="0.133" timestamp="2024-10-31T14:51:33">
          <properties>
[...]
</properties>
          <testcase classname="scalashop.ConvolutionSuite" name="convolution: simple 3x3 image should blur to a constant value (10 pts)" time="0.028">
                      
                    </testcase><testcase classname="scalashop.ConvolutionSuite" name="convolution: convolution should not flip asymmetric kernel (10 pts)" time="0.088">
                      <failure message="C:\Users\wflaf\Desktop\FP\scalashop\src\test\scala\scalashop\ConvolutionSuite.scala:66
65:
[7m66:    assertEquals(Convolution(source, kernel).toImage, target)[0m
67:  }
values are not the same
[1m=&gt; Obtained[0m
At 0, 0 : 0, 0, 0, 8
At 1, 0 : 0, 0, 0, 7
At 2, 0 : 0, 0, 0, 6
At 0, 1 : 0, 0, 0, 5
At 1, 1 : 0, 0, 0, 4
At 2, 1 : 0, 0, 0, 3
At 0, 2 : 0, 0, 0, 2
At 1, 2 : 0, 0, 0, 1
At 2, 2 : 0, 0, 0, 0
[1m=&gt; Diff[0m ([91m- obtained[0m, [92m+ expected[0m)
[91m-At 0, 0 : 0, 0, 0, 8[0m
[91m-At 1, 0 : 0, 0, 0, 7[0m
[91m-At 2, 0 : 0, 0, 0, 6[0m
[91m-At 0, 1 : 0, 0, 0, 5[0m
[92m+At 0, 0 : 0, 0, 0, 0[0m
[92m+At 1, 0 : 0, 0, 0, 1[0m
[92m+At 2, 0 : 0, 0, 0, 2[0m
[92m+At 0, 1 : 0, 0, 0, 3[0m
 At 1, 1 : 0, 0, 0, 4
[91m-At 2, 1 : 0, 0, 0, 3[0m
[91m-At 0, 2 : 0, 0, 0, 2[0m
[91m-At 1, 2 : 0, 0, 0, 1[0m
[91m-At 2, 2 : 0, 0, 0, 0[0m
[92m+At 2, 1 : 0, 0, 0, 5[0m
[92m+At 0, 2 : 0, 0, 0, 6[0m
[92m+At 1, 2 : 0, 0, 0, 7[0m
[92m+At 2, 2 : 0, 0, 0, 8[0m" type="munit.ComparisonFailException">munit.ComparisonFailException: C:\Users\wflaf\Desktop\FP\scalashop\src\test\scala\scalashop\ConvolutionSuite.scala:66
65:
[7m66:    assertEquals(Convolution(source, kernel).toImage, target)[0m
67:  }
values are not the same
[1m=&gt; Obtained[0m
At 0, 0 : 0, 0, 0, 8
At 1, 0 : 0, 0, 0, 7
At 2, 0 : 0, 0, 0, 6
At 0, 1 : 0, 0, 0, 5
At 1, 1 : 0, 0, 0, 4
At 2, 1 : 0, 0, 0, 3
At 0, 2 : 0, 0, 0, 2
At 1, 2 : 0, 0, 0, 1
At 2, 2 : 0, 0, 0, 0
[1m=&gt; Diff[0m ([91m- obtained[0m, [92m+ expected[0m)
[91m-At 0, 0 : 0, 0, 0, 8[0m
[91m-At 1, 0 : 0, 0, 0, 7[0m
[91m-At 2, 0 : 0, 0, 0, 6[0m
[91m-At 0, 1 : 0, 0, 0, 5[0m
[92m+At 0, 0 : 0, 0, 0, 0[0m
[92m+At 1, 0 : 0, 0, 0, 1[0m
[92m+At 2, 0 : 0, 0, 0, 2[0m
[92m+At 0, 1 : 0, 0, 0, 3[0m
 At 1, 1 : 0, 0, 0, 4
[91m-At 2, 1 : 0, 0, 0, 3[0m
[91m-At 0, 2 : 0, 0, 0, 2[0m
[91m-At 1, 2 : 0, 0, 0, 1[0m
[91m-At 2, 2 : 0, 0, 0, 0[0m
[92m+At 2, 1 : 0, 0, 0, 5[0m
[92m+At 0, 2 : 0, 0, 0, 6[0m
[92m+At 1, 2 : 0, 0, 0, 7[0m
[92m+At 2, 2 : 0, 0, 0, 8[0m
	at munit.Assertions.failComparison(Assertions.scala:278)
</failure>
                    </testcase><testcase classname="scalashop.ConvolutionSuite" name="convolution: random 3x3 image under the identity kernel should be unchanged (5 pts)" time="0.003">
                      
                    </testcase><testcase classname="scalashop.ConvolutionSuite" name="convolution: random 3x3 image under the null kernel should be zeroed (5 pts)" time="0.003">
                      
                    </testcase><testcase classname="scalashop.ConvolutionSuite" name="convolution: random 3x3 image under the identity kernel should be unchanged (5 pts)-1" time="0.001">
                      
                    </testcase><testcase classname="scalashop.ConvolutionSuite" name="convolution: random 3x3 image under the null kernel should be zeroed (5 pts)-1" time="0.0">
                      
                    </testcase><testcase classname="scalashop.ConvolutionSuite" name="convolution: random 3x3 image under the identity kernel should be unchanged (5 pts)-2" time="0.001">
                      
                    </testcase><testcase classname="scalashop.ConvolutionSuite" name="convolution: random 3x3 image under the null kernel should be zeroed (5 pts)-2" time="0.001">
                      
                    </testcase><testcase classname="scalashop.ConvolutionSuite" name="convolution: random 3x3 image under the identity kernel should be unchanged (5 pts)-3" time="0.0">
                      
                    </testcase><testcase classname="scalashop.ConvolutionSuite" name="convolution: random 3x3 image under the null kernel should be zeroed (5 pts)-3" time="0.001">
                      
                    </testcase><testcase classname="scalashop.ConvolutionSuite" name="convolution: random 3x3 image under the identity kernel should be unchanged (5 pts)-4" time="0.0">
                      
                    </testcase><testcase classname="scalashop.ConvolutionSuite" name="convolution: random 3x3 image under the null kernel should be zeroed (5 pts)-4" time="0.001">
                      
                    </testcase><testcase classname="scalashop.ConvolutionSuite" name="convolution: random 3x3 image under the identity kernel should be unchanged (5 pts)-5" time="0.0">
                      
                    </testcase><testcase classname="scalashop.ConvolutionSuite" name="convolution: random 3x3 image under the null kernel should be zeroed (5 pts)-5" time="0.0">
                      
                    </testcase><testcase classname="scalashop.ConvolutionSuite" name="convolution: random 3x3 image under the identity kernel should be unchanged (5 pts)-6" time="0.0">
                      
                    </testcase><testcase classname="scalashop.ConvolutionSuite" name="convolution: random 3x3 image under the null kernel should be zeroed (5 pts)-6" time="0.0">
                      
                    </testcase><testcase classname="scalashop.ConvolutionSuite" name="convolution: random 3x3 image under the identity kernel should be unchanged (5 pts)-7" time="0.001">
                      
                    </testcase><testcase classname="scalashop.ConvolutionSuite" name="convolution: random 3x3 image under the null kernel should be zeroed (5 pts)-7" time="0.002">
                      
                    </testcase><testcase classname="scalashop.ConvolutionSuite" name="convolution: random 3x3 image under the identity kernel should be unchanged (5 pts)-8" time="0.001">
                      
                    </testcase><testcase classname="scalashop.ConvolutionSuite" name="convolution: random 3x3 image under the null kernel should be zeroed (5 pts)-8" time="0.0">
                      
                    </testcase><testcase classname="scalashop.ConvolutionSuite" name="convolution: random 3x3 image under the identity kernel should be unchanged (5 pts)-9" time="0.0">
                      
                    </testcase><testcase classname="scalashop.ConvolutionSuite" name="convolution: random 3x3 image under the null kernel should be zeroed (5 pts)-9" time="0.001">
                      
                    </testcase><testcase classname="scalashop.ConvolutionSuite" name="convolution: simple 5x5 matrix should transform correctly under 3x3 kernel (100 pts)" time="0.001">
                      
                    </testcase>
          <system-out><![CDATA[]]></system-out>
          <system-err><![CDATA[]]></system-err>
        </testsuite>